2025-04-04 03:47:02.074002 - Received CBT.V508.FILE1024.PDS from FILE1024.XMI 
2025-04-04 03:47:02.075083 - Found $$$#DATE.txt (text/plain) in CBT.V508.FILE1024.PDS, moved to PDS/$$$#DATE
2025-04-04 03:47:02.075227 - Found $$NOTE01.txt (text/plain) in CBT.V508.FILE1024.PDS, moved to PDS/$$NOTE01
2025-04-04 03:47:02.075385 - Found @FIL1024.txt (text/plain) in CBT.V508.FILE1024.PDS, moved to PDS/@FIL1024
2025-04-04 03:47:02.075538 - Found CONCAT.bin (application/octet-stream) in CBT.V508.FILE1024.PDS, moved to PDS/CONCAT
2025-04-04 03:47:02.075670 - Found CONCAT#.txt (text/plain) in CBT.V508.FILE1024.PDS, moved to PDS/CONCAT#
2025-04-04 03:47:02.075840 - Found CSFXFER.bin (application/octet-stream) in CBT.V508.FILE1024.PDS, moved to PDS/CSFXFER
2025-04-04 03:47:02.075992 - Found CSFXFER#.txt (text/plain) in CBT.V508.FILE1024.PDS, moved to PDS/CSFXFER#
2025-04-04 03:47:02.076254 - Found CSIREXX.bin (application/octet-stream) in CBT.V508.FILE1024.PDS, moved to PDS/CSIREXX
2025-04-04 03:47:02.076375 - Found CSIREXX#.txt (text/plain) in CBT.V508.FILE1024.PDS, moved to PDS/CSIREXX#
2025-04-04 03:47:02.076488 - Found ICHRCX0#.txt (text/plain) in CBT.V508.FILE1024.PDS, moved to PDS/ICHRCX0#
2025-04-04 03:47:02.076613 - Found ICHRCX02.bin (application/octet-stream) in CBT.V508.FILE1024.PDS, moved to PDS/ICHRCX02
2025-04-04 03:47:02.076734 - Found RACFREE.bin (application/octet-stream) in CBT.V508.FILE1024.PDS, moved to PDS/RACFREE
2025-04-04 03:47:02.076852 - Found RACFREE#.txt (text/plain) in CBT.V508.FILE1024.PDS, moved to PDS/RACFREE#
2025-04-04 03:47:02.076968 - Found RACSNOO#.txt (text/plain) in CBT.V508.FILE1024.PDS, moved to PDS/RACSNOO#
2025-04-04 03:47:02.077143 - Found RACSNOOP.bin (application/octet-stream) in CBT.V508.FILE1024.PDS, moved to PDS/RACSNOOP
2025-04-04 03:47:02.077279 - Found REXXENQ#.txt (text/plain) in CBT.V508.FILE1024.PDS, moved to PDS/REXXENQ#
2025-04-04 03:47:02.077427 - Found REXXENQ0.bin (application/octet-stream) in CBT.V508.FILE1024.PDS, moved to PDS/REXXENQ0
2025-04-04 03:47:02.077562 - Found TICKET.bin (application/octet-stream) in CBT.V508.FILE1024.PDS, moved to PDS/TICKET
2025-04-04 03:47:02.077698 - Found TICKET#.txt (text/plain) in CBT.V508.FILE1024.PDS, moved to PDS/TICKET#
